[05/Feb/2018 10:45:14] "GET / HTTP/1.1" 200 9199
[05/Feb/2018 10:45:14] "GET /static/css/style.css HTTP/1.1" 200 894
[05/Feb/2018 10:45:14] "GET /static/css/materialize.css HTTP/1.1" 200 191919
[05/Feb/2018 10:45:14] "GET /static/js/materialize.js HTTP/1.1" 200 367637
[05/Feb/2018 10:45:14] "GET /static/js/init.js HTTP/1.1" 200 177
[05/Feb/2018 10:45:14] "GET /static/fonts/roboto/Roboto-Medium.woff2 HTTP/1.1" 200 65412
[05/Feb/2018 10:45:14] "GET /static/fonts/roboto/Roboto-Regular.woff2 HTTP/1.1" 200 64832
[05/Feb/2018 10:45:14] "GET /static/fonts/roboto/Roboto-Light.woff2 HTTP/1.1" 200 64268
[05/Feb/2018 10:45:15] "GET /static/ipad.png HTTP/1.1" 200 6748
[05/Feb/2018 10:45:15] "GET /static/logo.png HTTP/1.1" 200 4152
[05/Feb/2018 10:45:15] "GET /static/order.png HTTP/1.1" 200 4606
[05/Feb/2018 10:45:15] "GET /static/alba.png HTTP/1.1" 200 3073
[05/Feb/2018 10:45:15] "GET /static/background.png HTTP/1.1" 200 8016
[05/Feb/2018 10:45:15] "GET /static/convenience.png HTTP/1.1" 200 5072
[05/Feb/2018 10:45:15] "GET /static/background3.jpg HTTP/1.1" 200 176006
[05/Feb/2018 10:45:15] "GET /static/cat.jpg HTTP/1.1" 200 1783477
Not Found: /favicon.ico
[05/Feb/2018 10:45:15] "GET /favicon.ico HTTP/1.1" 404 2947
[05/Feb/2018 10:45:17] "GET /admin HTTP/1.1" 301 0
[05/Feb/2018 10:45:18] "GET /admin/ HTTP/1.1" 200 6293
[05/Feb/2018 10:45:18] "GET /static/admin/css/dashboard.css HTTP/1.1" 404 1685
[05/Feb/2018 10:45:18] "GET /static/admin/css/base.css HTTP/1.1" 404 1670
[05/Feb/2018 10:45:20] "GET /admin/logout/ HTTP/1.1" 200 1014
[05/Feb/2018 10:45:20] "GET /static/admin/css/base.css HTTP/1.1" 404 1670
[05/Feb/2018 10:45:23] "GET / HTTP/1.1" 200 9199
[10/Feb/2018 01:58:10] "GET / HTTP/1.1" 200 7052
[10/Feb/2018 01:58:11] "GET /static/css/style.css HTTP/1.1" 404 94
[10/Feb/2018 01:58:11] "GET /static/css/materialize.css HTTP/1.1" 404 100
[10/Feb/2018 01:58:11] "GET /static/js/materialize.js HTTP/1.1" 404 98
[10/Feb/2018 01:58:11] "GET /static/css/style.css HTTP/1.1" 404 94
[10/Feb/2018 01:58:11] "GET /static/js/init.js HTTP/1.1" 404 91
[10/Feb/2018 01:58:11] "GET /static/js/materialize.js HTTP/1.1" 404 98
[10/Feb/2018 01:58:11] "GET /static/cat.jpg HTTP/1.1" 404 88
[10/Feb/2018 01:58:11] "GET /static/background_transparent.jpg HTTP/1.1" 404 107
[10/Feb/2018 01:58:11] "GET /static/js/init.js HTTP/1.1" 404 91
[10/Feb/2018 01:58:22] "GET /admin/mypage/diary/ HTTP/1.1" 200 4182
[10/Feb/2018 01:58:22] "GET /static/admin/css/changelists.css HTTP/1.1" 404 106
[10/Feb/2018 01:58:22] "GET /static/admin/js/vendor/jquery/jquery.min.js HTTP/1.1" 404 117
[10/Feb/2018 01:58:22] "GET /static/admin/js/core.js HTTP/1.1" 404 97
[10/Feb/2018 01:58:22] "GET /static/admin/css/base.css HTTP/1.1" 404 99
[10/Feb/2018 01:58:22] "GET /admin/jsi18n/ HTTP/1.1" 200 3189
[10/Feb/2018 01:58:22] "GET /static/admin/js/jquery.init.js HTTP/1.1" 404 104
[10/Feb/2018 01:58:23] "GET /static/admin/js/admin/RelatedObjectLookups.js HTTP/1.1" 404 119
[10/Feb/2018 01:58:23] "GET /static/admin/js/actions.min.js HTTP/1.1" 404 104
[10/Feb/2018 01:58:23] "GET /static/admin/js/urlify.js HTTP/1.1" 404 99
[10/Feb/2018 01:58:23] "GET /static/admin/js/prepopulate.min.js HTTP/1.1" 404 108
[10/Feb/2018 01:58:23] "GET /static/admin/js/vendor/xregexp/xregexp.min.js HTTP/1.1" 404 119
[10/Feb/2018 01:58:23] "GET /static/admin/js/core.js HTTP/1.1" 404 97
[10/Feb/2018 01:58:23] "GET /static/admin/js/vendor/jquery/jquery.min.js HTTP/1.1" 404 117
[10/Feb/2018 01:58:23] "GET /static/admin/js/jquery.init.js HTTP/1.1" 404 104
[10/Feb/2018 01:58:23] "GET /static/admin/js/admin/RelatedObjectLookups.js HTTP/1.1" 404 119
[10/Feb/2018 01:58:23] "GET /static/admin/js/actions.min.js HTTP/1.1" 404 104
[10/Feb/2018 01:58:23] "GET /static/admin/js/urlify.js HTTP/1.1" 404 99
[10/Feb/2018 01:58:23] "GET /static/admin/js/prepopulate.min.js HTTP/1.1" 404 108
[10/Feb/2018 01:58:23] "GET /static/admin/js/vendor/xregexp/xregexp.min.js HTTP/1.1" 404 119
[10/Feb/2018 01:58:28] "GET / HTTP/1.1" 200 7052
[10/Feb/2018 01:58:28] "GET /static/css/materialize.css HTTP/1.1" 404 100
[10/Feb/2018 01:58:28] "GET /static/css/style.css HTTP/1.1" 404 94
[10/Feb/2018 01:58:28] "GET /static/js/materialize.js HTTP/1.1" 404 98
[10/Feb/2018 01:58:28] "GET /static/js/init.js HTTP/1.1" 404 91
[10/Feb/2018 01:58:28] "GET /static/cat.jpg HTTP/1.1" 404 88
[10/Feb/2018 01:58:28] "GET /static/background_transparent.jpg HTTP/1.1" 404 107
